{"/Users/santiago/git/ToDoList/ToDoListClient/src/app/modules/task/planner/calendar/TaskCalendarCtrl.js":{"path":"/Users/santiago/git/ToDoList/ToDoListClient/src/app/modules/task/planner/calendar/TaskCalendarCtrl.js","s":{"1":1,"2":1,"3":0,"4":0,"5":0,"6":0,"7":0,"8":0,"9":0,"10":0,"11":0,"12":0,"13":0,"14":0,"15":0,"16":0,"17":0,"18":0,"19":0,"20":0,"21":0,"22":0,"23":0,"24":0,"25":0,"26":0,"27":0,"28":0,"29":0,"30":0,"31":0,"32":0,"33":0,"34":0,"35":0,"36":0,"37":0,"38":0,"39":0,"40":0,"41":0,"42":0,"43":0,"44":0,"45":0,"46":0,"47":0,"48":0,"49":0,"50":0,"51":0,"52":1,"53":0,"54":0,"55":0,"56":0,"57":1,"58":0,"59":0,"60":1,"61":0,"62":1,"63":0,"64":0,"65":0,"66":0,"67":0,"68":1,"69":0,"70":0,"71":0,"72":0,"73":0,"74":0,"75":1,"76":0,"77":1,"78":0,"79":0,"80":1,"81":0,"82":0,"83":0,"84":0,"85":0,"86":0,"87":0,"88":0,"89":0,"90":1},"b":{"1":[0,0],"2":[0,0],"3":[0,0,0],"4":[0,0],"5":[0,0],"6":[0,0],"7":[0,0],"8":[0,0],"9":[0,0,0],"10":[0,0]},"f":{"1":1,"2":0,"3":0,"4":0,"5":0,"6":0,"7":0,"8":0,"9":0,"10":0,"11":0,"12":0,"13":0,"14":0,"15":0,"16":0,"17":0,"18":0,"19":0,"20":0,"21":0,"22":0,"23":0,"24":0,"25":0},"fnMap":{"1":{"name":"(anonymous_1)","line":4,"loc":{"start":{"line":4,"column":1},"end":{"line":4,"column":12}}},"2":{"name":"TaskCalendarCtrl","line":5,"loc":{"start":{"line":5,"column":4},"end":{"line":5,"column":135}}},"3":{"name":"(anonymous_3)","line":13,"loc":{"start":{"line":13,"column":22},"end":{"line":13,"column":34}}},"4":{"name":"(anonymous_4)","line":15,"loc":{"start":{"line":15,"column":59},"end":{"line":15,"column":75}}},"5":{"name":"(anonymous_5)","line":20,"loc":{"start":{"line":20,"column":19},"end":{"line":20,"column":35}}},"6":{"name":"(anonymous_6)","line":26,"loc":{"start":{"line":26,"column":28},"end":{"line":26,"column":43}}},"7":{"name":"(anonymous_7)","line":28,"loc":{"start":{"line":28,"column":38},"end":{"line":28,"column":60}}},"8":{"name":"(anonymous_8)","line":41,"loc":{"start":{"line":41,"column":30},"end":{"line":41,"column":45}}},"9":{"name":"(anonymous_9)","line":57,"loc":{"start":{"line":57,"column":23},"end":{"line":57,"column":38}}},"10":{"name":"(anonymous_10)","line":61,"loc":{"start":{"line":61,"column":38},"end":{"line":61,"column":64}}},"11":{"name":"(anonymous_11)","line":67,"loc":{"start":{"line":67,"column":21},"end":{"line":67,"column":42}}},"12":{"name":"(anonymous_12)","line":70,"loc":{"start":{"line":70,"column":71},"end":{"line":70,"column":86}}},"13":{"name":"(anonymous_13)","line":81,"loc":{"start":{"line":81,"column":19},"end":{"line":81,"column":35}}},"14":{"name":"resetInputFields","line":87,"loc":{"start":{"line":87,"column":8},"end":{"line":87,"column":46}}},"15":{"name":"(anonymous_15)","line":92,"loc":{"start":{"line":92,"column":21},"end":{"line":92,"column":36}}},"16":{"name":"updateTags","line":99,"loc":{"start":{"line":99,"column":8},"end":{"line":99,"column":30}}},"17":{"name":"updateUsedTags","line":104,"loc":{"start":{"line":104,"column":8},"end":{"line":104,"column":34}}},"18":{"name":"updateFilterTags","line":108,"loc":{"start":{"line":108,"column":8},"end":{"line":108,"column":36}}},"19":{"name":"(anonymous_19)","line":110,"loc":{"start":{"line":110,"column":57},"end":{"line":110,"column":84}}},"20":{"name":"initialize","line":118,"loc":{"start":{"line":118,"column":8},"end":{"line":118,"column":30}}},"21":{"name":"initializeViewState","line":127,"loc":{"start":{"line":127,"column":8},"end":{"line":127,"column":39}}},"22":{"name":"initializeVariables","line":131,"loc":{"start":{"line":131,"column":8},"end":{"line":131,"column":39}}},"23":{"name":"initializeTaskEventHandlers","line":141,"loc":{"start":{"line":141,"column":8},"end":{"line":141,"column":47}}},"24":{"name":"(anonymous_24)","line":142,"loc":{"start":{"line":142,"column":39},"end":{"line":142,"column":61}}},"25":{"name":"(anonymous_25)","line":148,"loc":{"start":{"line":148,"column":40},"end":{"line":148,"column":56}}}},"statementMap":{"1":{"start":{"line":4,"column":0},"end":{"line":160,"column":5}},"2":{"start":{"line":5,"column":4},"end":{"line":156,"column":5}},"3":{"start":{"line":6,"column":8},"end":{"line":6,"column":22}},"4":{"start":{"line":7,"column":8},"end":{"line":7,"column":30}},"5":{"start":{"line":8,"column":8},"end":{"line":8,"column":25}},"6":{"start":{"line":9,"column":8},"end":{"line":9,"column":23}},"7":{"start":{"line":11,"column":8},"end":{"line":11,"column":61}},"8":{"start":{"line":13,"column":8},"end":{"line":24,"column":10}},"9":{"start":{"line":14,"column":12},"end":{"line":14,"column":54}},"10":{"start":{"line":15,"column":12},"end":{"line":23,"column":15}},"11":{"start":{"line":16,"column":16},"end":{"line":16,"column":53}},"12":{"start":{"line":17,"column":16},"end":{"line":17,"column":33}},"13":{"start":{"line":18,"column":16},"end":{"line":18,"column":29}},"14":{"start":{"line":21,"column":16},"end":{"line":21,"column":56}},"15":{"start":{"line":22,"column":16},"end":{"line":22,"column":71}},"16":{"start":{"line":26,"column":8},"end":{"line":39,"column":10}},"17":{"start":{"line":27,"column":12},"end":{"line":27,"column":33}},"18":{"start":{"line":28,"column":12},"end":{"line":37,"column":15}},"19":{"start":{"line":29,"column":16},"end":{"line":36,"column":17}},"20":{"start":{"line":30,"column":20},"end":{"line":30,"column":63}},"21":{"start":{"line":31,"column":20},"end":{"line":35,"column":21}},"22":{"start":{"line":34,"column":24},"end":{"line":34,"column":47}},"23":{"start":{"line":38,"column":12},"end":{"line":38,"column":31}},"24":{"start":{"line":41,"column":8},"end":{"line":55,"column":10}},"25":{"start":{"line":42,"column":12},"end":{"line":44,"column":13}},"26":{"start":{"line":43,"column":16},"end":{"line":43,"column":23}},"27":{"start":{"line":45,"column":12},"end":{"line":45,"column":45}},"28":{"start":{"line":46,"column":12},"end":{"line":46,"column":43}},"29":{"start":{"line":47,"column":12},"end":{"line":49,"column":13}},"30":{"start":{"line":48,"column":16},"end":{"line":48,"column":37}},"31":{"start":{"line":50,"column":12},"end":{"line":50,"column":39}},"32":{"start":{"line":51,"column":12},"end":{"line":51,"column":72}},"33":{"start":{"line":52,"column":12},"end":{"line":54,"column":13}},"34":{"start":{"line":53,"column":16},"end":{"line":53,"column":69}},"35":{"start":{"line":57,"column":8},"end":{"line":59,"column":10}},"36":{"start":{"line":58,"column":12},"end":{"line":58,"column":74}},"37":{"start":{"line":61,"column":8},"end":{"line":65,"column":10}},"38":{"start":{"line":62,"column":12},"end":{"line":64,"column":13}},"39":{"start":{"line":63,"column":16},"end":{"line":63,"column":39}},"40":{"start":{"line":67,"column":8},"end":{"line":85,"column":10}},"41":{"start":{"line":68,"column":12},"end":{"line":68,"column":53}},"42":{"start":{"line":69,"column":12},"end":{"line":69,"column":72}},"43":{"start":{"line":70,"column":12},"end":{"line":84,"column":15}},"44":{"start":{"line":71,"column":16},"end":{"line":71,"column":52}},"45":{"start":{"line":72,"column":16},"end":{"line":72,"column":36}},"46":{"start":{"line":73,"column":16},"end":{"line":73,"column":45}},"47":{"start":{"line":74,"column":16},"end":{"line":79,"column":17}},"48":{"start":{"line":75,"column":20},"end":{"line":75,"column":144}},"49":{"start":{"line":78,"column":20},"end":{"line":78,"column":116}},"50":{"start":{"line":82,"column":16},"end":{"line":82,"column":55}},"51":{"start":{"line":83,"column":16},"end":{"line":83,"column":70}},"52":{"start":{"line":87,"column":8},"end":{"line":89,"column":9}},"53":{"start":{"line":88,"column":12},"end":{"line":88,"column":35}},"54":{"start":{"line":92,"column":8},"end":{"line":97,"column":10}},"55":{"start":{"line":93,"column":12},"end":{"line":93,"column":35}},"56":{"start":{"line":94,"column":12},"end":{"line":96,"column":62}},"57":{"start":{"line":99,"column":8},"end":{"line":102,"column":9}},"58":{"start":{"line":100,"column":12},"end":{"line":100,"column":29}},"59":{"start":{"line":101,"column":12},"end":{"line":101,"column":31}},"60":{"start":{"line":104,"column":8},"end":{"line":106,"column":9}},"61":{"start":{"line":105,"column":12},"end":{"line":105,"column":60}},"62":{"start":{"line":108,"column":8},"end":{"line":116,"column":9}},"63":{"start":{"line":109,"column":12},"end":{"line":109,"column":32}},"64":{"start":{"line":110,"column":12},"end":{"line":114,"column":15}},"65":{"start":{"line":111,"column":16},"end":{"line":113,"column":17}},"66":{"start":{"line":112,"column":20},"end":{"line":112,"column":47}},"67":{"start":{"line":115,"column":12},"end":{"line":115,"column":53}},"68":{"start":{"line":118,"column":8},"end":{"line":125,"column":9}},"69":{"start":{"line":119,"column":12},"end":{"line":119,"column":55}},"70":{"start":{"line":120,"column":12},"end":{"line":120,"column":34}},"71":{"start":{"line":121,"column":12},"end":{"line":121,"column":34}},"72":{"start":{"line":122,"column":12},"end":{"line":122,"column":42}},"73":{"start":{"line":123,"column":12},"end":{"line":123,"column":44}},"74":{"start":{"line":124,"column":12},"end":{"line":124,"column":26}},"75":{"start":{"line":127,"column":8},"end":{"line":129,"column":9}},"76":{"start":{"line":128,"column":12},"end":{"line":128,"column":55}},"77":{"start":{"line":131,"column":8},"end":{"line":139,"column":9}},"78":{"start":{"line":132,"column":12},"end":{"line":135,"column":14}},"79":{"start":{"line":137,"column":12},"end":{"line":138,"column":14}},"80":{"start":{"line":141,"column":8},"end":{"line":152,"column":9}},"81":{"start":{"line":142,"column":12},"end":{"line":147,"column":15}},"82":{"start":{"line":143,"column":16},"end":{"line":143,"column":40}},"83":{"start":{"line":144,"column":16},"end":{"line":144,"column":51}},"84":{"start":{"line":145,"column":16},"end":{"line":145,"column":42}},"85":{"start":{"line":146,"column":16},"end":{"line":146,"column":29}},"86":{"start":{"line":148,"column":12},"end":{"line":151,"column":15}},"87":{"start":{"line":149,"column":16},"end":{"line":149,"column":40}},"88":{"start":{"line":150,"column":16},"end":{"line":150,"column":29}},"89":{"start":{"line":154,"column":8},"end":{"line":154,"column":21}},"90":{"start":{"line":157,"column":4},"end":{"line":159,"column":183}}},"branchMap":{"1":{"line":29,"type":"if","locations":[{"start":{"line":29,"column":16},"end":{"line":29,"column":16}},{"start":{"line":29,"column":16},"end":{"line":29,"column":16}}]},"2":{"line":31,"type":"if","locations":[{"start":{"line":31,"column":20},"end":{"line":31,"column":20}},{"start":{"line":31,"column":20},"end":{"line":31,"column":20}}]},"3":{"line":31,"type":"binary-expr","locations":[{"start":{"line":31,"column":24},"end":{"line":31,"column":61}},{"start":{"line":32,"column":27},"end":{"line":32,"column":64}},{"start":{"line":33,"column":27},"end":{"line":33,"column":66}}]},"4":{"line":42,"type":"if","locations":[{"start":{"line":42,"column":12},"end":{"line":42,"column":12}},{"start":{"line":42,"column":12},"end":{"line":42,"column":12}}]},"5":{"line":47,"type":"if","locations":[{"start":{"line":47,"column":12},"end":{"line":47,"column":12}},{"start":{"line":47,"column":12},"end":{"line":47,"column":12}}]},"6":{"line":58,"type":"binary-expr","locations":[{"start":{"line":58,"column":19},"end":{"line":58,"column":45}},{"start":{"line":58,"column":49},"end":{"line":58,"column":73}}]},"7":{"line":62,"type":"if","locations":[{"start":{"line":62,"column":12},"end":{"line":62,"column":12}},{"start":{"line":62,"column":12},"end":{"line":62,"column":12}}]},"8":{"line":74,"type":"if","locations":[{"start":{"line":74,"column":16},"end":{"line":74,"column":16}},{"start":{"line":74,"column":16},"end":{"line":74,"column":16}}]},"9":{"line":94,"type":"binary-expr","locations":[{"start":{"line":94,"column":19},"end":{"line":94,"column":53}},{"start":{"line":95,"column":19},"end":{"line":95,"column":55}},{"start":{"line":96,"column":19},"end":{"line":96,"column":61}}]},"10":{"line":111,"type":"if","locations":[{"start":{"line":111,"column":16},"end":{"line":111,"column":16}},{"start":{"line":111,"column":16},"end":{"line":111,"column":16}}]}}}}