TN:
SF:/Users/santiago/git/ToDoList/ToDoListClient/src/app/modules/task/planner/calendar/TaskCalendarCtrl.js
FN:4,(anonymous_1)
FN:5,TaskCalendarCtrl
FN:13,(anonymous_3)
FN:15,(anonymous_4)
FN:20,(anonymous_5)
FN:26,(anonymous_6)
FN:28,(anonymous_7)
FN:41,(anonymous_8)
FN:57,(anonymous_9)
FN:61,(anonymous_10)
FN:67,(anonymous_11)
FN:70,(anonymous_12)
FN:81,(anonymous_13)
FN:87,resetInputFields
FN:92,(anonymous_15)
FN:99,updateTags
FN:104,updateUsedTags
FN:108,updateFilterTags
FN:110,(anonymous_19)
FN:118,initialize
FN:127,initializeViewState
FN:131,initializeVariables
FN:141,initializeTaskEventHandlers
FN:142,(anonymous_24)
FN:148,(anonymous_25)
FNF:25
FNH:1
FNDA:1,(anonymous_1)
FNDA:0,TaskCalendarCtrl
FNDA:0,(anonymous_3)
FNDA:0,(anonymous_4)
FNDA:0,(anonymous_5)
FNDA:0,(anonymous_6)
FNDA:0,(anonymous_7)
FNDA:0,(anonymous_8)
FNDA:0,(anonymous_9)
FNDA:0,(anonymous_10)
FNDA:0,(anonymous_11)
FNDA:0,(anonymous_12)
FNDA:0,(anonymous_13)
FNDA:0,resetInputFields
FNDA:0,(anonymous_15)
FNDA:0,updateTags
FNDA:0,updateUsedTags
FNDA:0,updateFilterTags
FNDA:0,(anonymous_19)
FNDA:0,initialize
FNDA:0,initializeViewState
FNDA:0,initializeVariables
FNDA:0,initializeTaskEventHandlers
FNDA:0,(anonymous_24)
FNDA:0,(anonymous_25)
DA:4,1
DA:5,1
DA:6,0
DA:7,0
DA:8,0
DA:9,0
DA:11,0
DA:13,0
DA:14,0
DA:15,0
DA:16,0
DA:17,0
DA:18,0
DA:21,0
DA:22,0
DA:26,0
DA:27,0
DA:28,0
DA:29,0
DA:30,0
DA:31,0
DA:34,0
DA:38,0
DA:41,0
DA:42,0
DA:43,0
DA:45,0
DA:46,0
DA:47,0
DA:48,0
DA:50,0
DA:51,0
DA:52,0
DA:53,0
DA:57,0
DA:58,0
DA:61,0
DA:62,0
DA:63,0
DA:67,0
DA:68,0
DA:69,0
DA:70,0
DA:71,0
DA:72,0
DA:73,0
DA:74,0
DA:75,0
DA:78,0
DA:82,0
DA:83,0
DA:87,1
DA:88,0
DA:92,0
DA:93,0
DA:94,0
DA:99,1
DA:100,0
DA:101,0
DA:104,1
DA:105,0
DA:108,1
DA:109,0
DA:110,0
DA:111,0
DA:112,0
DA:115,0
DA:118,1
DA:119,0
DA:120,0
DA:121,0
DA:122,0
DA:123,0
DA:124,0
DA:127,1
DA:128,0
DA:131,1
DA:132,0
DA:137,0
DA:141,1
DA:142,0
DA:143,0
DA:144,0
DA:145,0
DA:146,0
DA:148,0
DA:149,0
DA:150,0
DA:154,0
DA:157,1
LF:90
LH:11
BRDA:29,1,0,0
BRDA:29,1,1,0
BRDA:31,2,0,0
BRDA:31,2,1,0
BRDA:31,3,0,0
BRDA:31,3,1,0
BRDA:31,3,2,0
BRDA:42,4,0,0
BRDA:42,4,1,0
BRDA:47,5,0,0
BRDA:47,5,1,0
BRDA:58,6,0,0
BRDA:58,6,1,0
BRDA:62,7,0,0
BRDA:62,7,1,0
BRDA:74,8,0,0
BRDA:74,8,1,0
BRDA:94,9,0,0
BRDA:94,9,1,0
BRDA:94,9,2,0
BRDA:111,10,0,0
BRDA:111,10,1,0
BRF:22
BRH:0
end_of_record
